2018-07-06 06:30:47	Gengar treasury set to 0
2018-07-06 06:31:43	Gengar treasury set to 0
2018-07-06 06:45:51	Cynergy treasury set to 10
2018-07-06 06:47:01	Cynergy treasury set to 0
2018-07-06 08:16:46	Sardaor treasury set to 0
2018-07-06 08:17:08	Sardaor treasury set to 0
2018-07-06 08:18:28	Holes treasury set to 0
2018-07-06 08:20:49	Holes treasury set to 0
2018-07-06 09:39:44	Yasmir treasury set to 0
2018-07-06 11:29:41	Zsinj treasury set to 0
2018-07-06 11:59:36	majorbyte treasury set to 10
2018-07-06 14:20:44	 treasury set to 1150
2018-07-06 16:42:35	Steakmittens treasury set to 0
2018-07-06 16:43:05	Steakmittens treasury set to 0
2018-07-06 19:02:32	Steakmittens treasury set to 0
2018-07-06 23:41:15	MrChristie treasury set to 0
2018-07-07 00:49:35	Dooof treasury set to 0
2018-07-07 02:04:52	Steakmittens treasury set to 0
2018-07-07 09:52:23	Road Warrior treasury set to 40
2018-07-07 12:34:23	Harringzord treasury set to 0
2018-07-08 01:05:49	Squiggy1981 treasury set to 0
2018-07-08 16:16:24	Galactic treasury set to 0
2018-07-09 23:38:18	Kaosubaloo treasury set to 0
2018-07-10 10:39:54	Kanukki treasury set to 0
2018-07-10 13:20:43	MattiaV96 treasury set to 0
2018-07-10 15:08:29	Wugambino treasury set to 150
2018-07-10 16:57:04	Xtrem treasury set to 10
2018-07-10 18:34:26	Wugambino treasury set to 50
2018-07-10 18:34:29	Wugambino treasury set to 50
2018-07-10 18:34:41	Wugambino treasury set to 50
2018-07-10 18:34:44	Wugambino treasury set to 50
2018-07-10 18:34:45	Wugambino treasury set to 50
2018-07-10 18:34:46	Wugambino treasury set to 50
2018-07-10 18:34:48	Wugambino treasury set to 50
2018-07-10 18:34:51	Wugambino treasury set to 50
2018-07-10 18:34:52	Wugambino treasury set to 50
2018-07-10 18:34:54	Wugambino treasury set to 50
2018-07-10 18:34:55	Wugambino treasury set to 50
2018-07-10 18:34:55	Wugambino treasury set to 50
2018-07-10 18:34:55	Wugambino treasury set to 50
2018-07-10 18:34:56	Wugambino treasury set to 50
2018-07-10 18:34:58	Wugambino treasury set to 50
2018-07-10 18:34:59	Wugambino treasury set to 50
2018-07-10 18:35:01	Wugambino treasury set to 50
2018-07-10 18:35:06	Wugambino treasury set to 50
2018-07-10 18:35:11	Wugambino treasury set to 50
2018-07-10 18:35:14	Wugambino treasury set to 50
2018-07-10 18:35:18	Wugambino treasury set to 50
2018-07-10 18:35:21	Wugambino treasury set to 50
2018-07-10 18:35:31	Wugambino treasury set to 50
2018-07-10 18:35:38	Wugambino treasury set to 50
2018-07-10 19:00:26	strategiccheese treasury set to 10
2018-07-10 21:50:45	ArchXL treasury set to 0
2018-07-10 22:08:25	strategiccheese treasury set to 0
2018-07-11 12:53:11	Ramhard treasury set to 0
2018-07-11 13:23:34	pyroTJ treasury set to 0
